[32m[NestWinston][39m [33mInfo[39m	2023/5/22 14:53:29 [33m[NestFactory][39m [32mStarting Nest application...[39m - {}
[32m[NestWinston][39m [33mInfo[39m	2023/5/22 14:53:29 [33m[InstanceLoader][39m [32mTypeOrmModule dependencies initialized[39m - {}
[32m[NestWinston][39m [33mInfo[39m	2023/5/22 14:53:29 [33m[InstanceLoader][39m [32mLogsModule dependencies initialized[39m - {}
[32m[NestWinston][39m [33mInfo[39m	2023/5/22 14:53:29 [33m[InstanceLoader][39m [32mAppModule dependencies initialized[39m - {}
[32m[NestWinston][39m [33mInfo[39m	2023/5/22 14:53:29 [33m[InstanceLoader][39m [32mConfigHostModule dependencies initialized[39m - {}
[32m[NestWinston][39m [33mInfo[39m	2023/5/22 14:53:29 [33m[InstanceLoader][39m [32mConfigModule dependencies initialized[39m - {}
[32m[NestWinston][39m [33mInfo[39m	2023/5/22 14:53:29 [33m[InstanceLoader][39m [32mConfigModule dependencies initialized[39m - {}
[32m[NestWinston][39m [33mInfo[39m	2023/5/22 14:53:29 [33m[InstanceLoader][39m [32mTypeOrmCoreModule dependencies initialized[39m - {}
[32m[NestWinston][39m [33mInfo[39m	2023/5/22 14:53:29 [33m[InstanceLoader][39m [32mTypeOrmModule dependencies initialized[39m - {}
[32m[NestWinston][39m [33mInfo[39m	2023/5/22 14:53:29 [33m[InstanceLoader][39m [32mUserModule dependencies initialized[39m - {}
[32m[NestWinston][39m [33mInfo[39m	2023/5/22 14:53:29 [33m[RoutesResolver][39m [32mUserController {/user}:[39m - {}
[32m[NestWinston][39m [33mInfo[39m	2023/5/22 14:53:29 [33m[RouterExplorer][39m [32mMapped {/user/add, GET} route[39m - {}
[32m[NestWinston][39m [33mInfo[39m	2023/5/22 14:53:29 [33m[RouterExplorer][39m [32mMapped {/user, POST} route[39m - {}
[32m[NestWinston][39m [33mInfo[39m	2023/5/22 14:53:29 [33m[RouterExplorer][39m [32mMapped {/user/update/:id, GET} route[39m - {}
[32m[NestWinston][39m [33mInfo[39m	2023/5/22 14:53:29 [33m[RouterExplorer][39m [32mMapped {/user/delete/:id, GET} route[39m - {}
[32m[NestWinston][39m [33mInfo[39m	2023/5/22 14:53:29 [33m[RouterExplorer][39m [32mMapped {/user/find/:name, GET} route[39m - {}
[32m[NestWinston][39m [33mInfo[39m	2023/5/22 14:53:29 [33m[RouterExplorer][39m [32mMapped {/user/profile, GET} route[39m - {}
[32m[NestWinston][39m [33mInfo[39m	2023/5/22 14:53:29 [33m[RouterExplorer][39m [32mMapped {/user/logsByGroup, GET} route[39m - {}
[32m[NestWinston][39m [33mInfo[39m	2023/5/22 14:53:29 [33m[NestApplication][39m [32mNest application successfully started[39m - {}
[32m[NestWinston][39m [33mInfo[39m	2023/5/22 14:53:31 [33m[NestFactory][39m [32mStarting Nest application...[39m - {}
[32m[NestWinston][39m [33mInfo[39m	2023/5/22 14:53:31 [33m[InstanceLoader][39m [32mTypeOrmModule dependencies initialized[39m - {}
[32m[NestWinston][39m [33mInfo[39m	2023/5/22 14:53:31 [33m[InstanceLoader][39m [32mLogsModule dependencies initialized[39m - {}
[32m[NestWinston][39m [33mInfo[39m	2023/5/22 14:53:31 [33m[InstanceLoader][39m [32mAppModule dependencies initialized[39m - {}
[32m[NestWinston][39m [33mInfo[39m	2023/5/22 14:53:31 [33m[InstanceLoader][39m [32mConfigHostModule dependencies initialized[39m - {}
[32m[NestWinston][39m [33mInfo[39m	2023/5/22 14:53:31 [33m[InstanceLoader][39m [32mConfigModule dependencies initialized[39m - {}
[32m[NestWinston][39m [33mInfo[39m	2023/5/22 14:53:31 [33m[InstanceLoader][39m [32mConfigModule dependencies initialized[39m - {}
[32m[NestWinston][39m [33mInfo[39m	2023/5/22 14:53:31 [33m[InstanceLoader][39m [32mTypeOrmCoreModule dependencies initialized[39m - {}
[32m[NestWinston][39m [33mInfo[39m	2023/5/22 14:53:31 [33m[InstanceLoader][39m [32mTypeOrmModule dependencies initialized[39m - {}
[32m[NestWinston][39m [33mInfo[39m	2023/5/22 14:53:31 [33m[InstanceLoader][39m [32mUserModule dependencies initialized[39m - {}
[32m[NestWinston][39m [33mInfo[39m	2023/5/22 14:53:31 [33m[RoutesResolver][39m [32mUserController {/user}:[39m - {}
[32m[NestWinston][39m [33mInfo[39m	2023/5/22 14:53:31 [33m[RouterExplorer][39m [32mMapped {/user/add, GET} route[39m - {}
[32m[NestWinston][39m [33mInfo[39m	2023/5/22 14:53:31 [33m[RouterExplorer][39m [32mMapped {/user, POST} route[39m - {}
[32m[NestWinston][39m [33mInfo[39m	2023/5/22 14:53:31 [33m[RouterExplorer][39m [32mMapped {/user/update/:id, GET} route[39m - {}
[32m[NestWinston][39m [33mInfo[39m	2023/5/22 14:53:31 [33m[RouterExplorer][39m [32mMapped {/user/delete/:id, GET} route[39m - {}
[32m[NestWinston][39m [33mInfo[39m	2023/5/22 14:53:31 [33m[RouterExplorer][39m [32mMapped {/user/find/:name, GET} route[39m - {}
[32m[NestWinston][39m [33mInfo[39m	2023/5/22 14:53:31 [33m[RouterExplorer][39m [32mMapped {/user/profile, GET} route[39m - {}
[32m[NestWinston][39m [33mInfo[39m	2023/5/22 14:53:31 [33m[RouterExplorer][39m [32mMapped {/user/logsByGroup, GET} route[39m - {}
[32m[NestWinston][39m [33mInfo[39m	2023/5/22 14:53:31 [33m[NestApplication][39m [32mNest application successfully started[39m - {}
